acpi
aegisub
amd-ucode
ansible
arch-install-scripts
armadillo
asciidoc
automake
avahi
baobab
bash-completion
bc
bcprov
beets
blas64-openblas
blas-openblas
blosc
boost
boost-libs
buildah
calibre
cantarell-fonts
catch2
clang
cmake
cni-plugins
containerd
cpio
cppcheck
cryfs
cryptsetup
cups
cups-pk-helper
curl
cython
dart-sass
ddrescue
dmg2img
dmidecode
dos2unix
dosfstools
doxygen
ecryptfs-utils
eigen
entr
eslint
ethtool
exfatprogs
fd
ffmpeg
findutils
firewalld
flatpak
flatpak-builder
flawfinder
foomatic-db
foomatic-db-engine
foomatic-db-gutenprint-ppds
foomatic-db-nonfree
foomatic-db-nonfree-ppds
foomatic-db-ppds
fuse-overlayfs
fzf
gcc
gcc-fortran
gdb
gimp
gimp-help-en
gimp-plugin-gmic
git
glpk
gnome-calculator
gnome-clocks
gnome-font-viewer
gnome-logs
gnome-system-monitor
gnupg
gnuplot
go
gocryptfs
gptfdisk
graphviz
grep
gst-libav
gst-plugins-bad
gst-plugins-base
gst-plugins-good
gst-plugins-ugly
gstreamer
gstreamer-vaapi
gtest
gtk-engine-murrine
gutenprint
gvfs-smb
hdf5-openmpi
hplip
hugo
hyperfine
imagemagick
inkscape
inotify-tools
intel-ucode
intltool
java-commons-lang
jq
julia
jupyter-notebook
jupyter-server-mathjax
kalarm
kcalc
kdenlive
khelpcenter
kontrast
konversation
kotlin
krita
krita-plugin-gmic
kruler
ksystemlog
ktimer
kvantum
kweather
libgit2
linux
linux-firmware
linux-headers
linux-tools
lm_sensors
lsb-release
lshw
luarocks
lvm2
lxc
man-db
man-pages
marble
marble-maps
mathjax
mediainfo
memtest86+
meson
mkvtoolnix-cli
mpc
mpd
mpd-mpris
mtools
musl
ncmpcpp
nerdctl
net-tools
networkmanager
networkmanager-openvpn
nmap
nodejs
nomad
nomad-driver-containerd
nomad-driver-lxc
nomad-driver-podman
noto-fonts
noto-fonts-cjk
noto-fonts-emoji
noto-fonts-extra
npm
nss-mdns
ntfs-3g
nvme-cli
openmp
openssh
otf-fira-mono
otf-fira-sans
p7zip
pacman
pacman-contrib
pacman-mirrorlist
pandoc-cli
parallel
parted
partitionmanager
pdftk
peek
perl-image-exiftool
pianobar
pigz
pixz
podman
podman-compose
podman-docker
powerline-fonts
prettier
pv
pygmentize
python
python-beautifulsoup4
python-black
python-certifi
python-h5py-openmpi
python-html2text
python-isort
python-matplotlib
python-mccabe
python-mpd2
python-mutagen
python-numpy
python-pandas
python-pip
python-pipx
python-poetry
python-pycurl
python-pylast
python-pylint
python-pyxdg
python-reportlab
python-requests
python-scikit-learn
python-scipy
python-seaborn
python-sphinx
python-statsmodels
python-tensorflow
python-urllib3
python-wheel
qt5ct
qt6ct
qwt
r
recordmydesktop
reflector
reiserfsprogs
rkhunter
rsync
rustup
samba
sassc
scour
scrapy
screen
sed
shellcheck
shfmt
signify
skopeo
sparsehash
sqlite
sqlite-analyzer
sqlite-doc
squashfs-tools
sshfs
strace
strawberry
stress
s-tui
subtitleeditor
superlu
system-config-printer
tcpdump
tensorflow
tesseract
tesseract-data-eng
tidy
time
tk
tlp
tmux
traceroute
ttf-dejavu
ttf-fira-code
ttf-fira-mono
ttf-fira-sans
ttf-nerd-fonts-symbols
ttf-roboto
ttf-roboto-mono
ttf-ubuntu-font-family
uchardet
ufw
ufw-extras
uncrustify
unhide
unrar
usbutils
v4l-utils
vlc
# vlc codecs
wget
wireguard-tools
wireshark-qt
xorg-xbacklight
yarn
yq
yt-dlp
zip
zsh
zsh-autosuggestions
zsh-completions
zsh-history-substring-search
zsh-syntax-highlighting
zstd
